<?xml version="1.0" encoding="UTF-8"?>
<testsuite xmlns:xsi="http://www.w3.org/2001/XMLSchema-instance" xsi:noNamespaceSchemaLocation="https://maven.apache.org/surefire/maven-surefire-plugin/xsd/surefire-test-report.xsd" name="com.example.demo.DemoApplicationTests" time="5.417" tests="1" errors="0" skipped="0" failures="0">
  <properties>
    <property name="java.specification.version" value="17"/>
    <property name="sun.jnu.encoding" value="UTF-8"/>
    <property name="java.class.path" value="/Users/jasonjin/Desktop/demo/target/test-classes:/Users/jasonjin/Desktop/demo/target/classes:/Users/jasonjin/.m2/repository/org/springframework/boot/spring-boot-starter-web/2.6.9/spring-boot-starter-web-2.6.9.jar:/Users/jasonjin/.m2/repository/org/springframework/boot/spring-boot-starter/2.6.9/spring-boot-starter-2.6.9.jar:/Users/jasonjin/.m2/repository/org/springframework/boot/spring-boot/2.6.9/spring-boot-2.6.9.jar:/Users/jasonjin/.m2/repository/org/springframework/boot/spring-boot-autoconfigure/2.6.9/spring-boot-autoconfigure-2.6.9.jar:/Users/jasonjin/.m2/repository/org/springframework/boot/spring-boot-starter-logging/2.6.9/spring-boot-starter-logging-2.6.9.jar:/Users/jasonjin/.m2/repository/ch/qos/logback/logback-classic/1.2.11/logback-classic-1.2.11.jar:/Users/jasonjin/.m2/repository/ch/qos/logback/logback-core/1.2.11/logback-core-1.2.11.jar:/Users/jasonjin/.m2/repository/org/apache/logging/log4j/log4j-to-slf4j/2.17.2/log4j-to-slf4j-2.17.2.jar:/Users/jasonjin/.m2/repository/org/apache/logging/log4j/log4j-api/2.17.2/log4j-api-2.17.2.jar:/Users/jasonjin/.m2/repository/org/slf4j/jul-to-slf4j/1.7.36/jul-to-slf4j-1.7.36.jar:/Users/jasonjin/.m2/repository/jakarta/annotation/jakarta.annotation-api/1.3.5/jakarta.annotation-api-1.3.5.jar:/Users/jasonjin/.m2/repository/org/yaml/snakeyaml/1.29/snakeyaml-1.29.jar:/Users/jasonjin/.m2/repository/org/springframework/boot/spring-boot-starter-json/2.6.9/spring-boot-starter-json-2.6.9.jar:/Users/jasonjin/.m2/repository/com/fasterxml/jackson/core/jackson-databind/2.13.3/jackson-databind-2.13.3.jar:/Users/jasonjin/.m2/repository/com/fasterxml/jackson/core/jackson-annotations/2.13.3/jackson-annotations-2.13.3.jar:/Users/jasonjin/.m2/repository/com/fasterxml/jackson/core/jackson-core/2.13.3/jackson-core-2.13.3.jar:/Users/jasonjin/.m2/repository/com/fasterxml/jackson/datatype/jackson-datatype-jdk8/2.13.3/jackson-datatype-jdk8-2.13.3.jar:/Users/jasonjin/.m2/repository/com/fasterxml/jackson/datatype/jackson-datatype-jsr310/2.13.3/jackson-datatype-jsr310-2.13.3.jar:/Users/jasonjin/.m2/repository/com/fasterxml/jackson/module/jackson-module-parameter-names/2.13.3/jackson-module-parameter-names-2.13.3.jar:/Users/jasonjin/.m2/repository/org/springframework/boot/spring-boot-starter-tomcat/2.6.9/spring-boot-starter-tomcat-2.6.9.jar:/Users/jasonjin/.m2/repository/org/apache/tomcat/embed/tomcat-embed-core/9.0.64/tomcat-embed-core-9.0.64.jar:/Users/jasonjin/.m2/repository/org/apache/tomcat/embed/tomcat-embed-websocket/9.0.64/tomcat-embed-websocket-9.0.64.jar:/Users/jasonjin/.m2/repository/org/springframework/spring-web/5.3.21/spring-web-5.3.21.jar:/Users/jasonjin/.m2/repository/org/springframework/spring-beans/5.3.21/spring-beans-5.3.21.jar:/Users/jasonjin/.m2/repository/org/springframework/spring-webmvc/5.3.21/spring-webmvc-5.3.21.jar:/Users/jasonjin/.m2/repository/org/springframework/spring-aop/5.3.21/spring-aop-5.3.21.jar:/Users/jasonjin/.m2/repository/org/springframework/spring-context/5.3.21/spring-context-5.3.21.jar:/Users/jasonjin/.m2/repository/org/springframework/spring-expression/5.3.21/spring-expression-5.3.21.jar:/Users/jasonjin/.m2/repository/org/springframework/boot/spring-boot-starter-test/2.6.9/spring-boot-starter-test-2.6.9.jar:/Users/jasonjin/.m2/repository/org/springframework/boot/spring-boot-test/2.6.9/spring-boot-test-2.6.9.jar:/Users/jasonjin/.m2/repository/org/springframework/boot/spring-boot-test-autoconfigure/2.6.9/spring-boot-test-autoconfigure-2.6.9.jar:/Users/jasonjin/.m2/repository/com/jayway/jsonpath/json-path/2.6.0/json-path-2.6.0.jar:/Users/jasonjin/.m2/repository/net/minidev/json-smart/2.4.8/json-smart-2.4.8.jar:/Users/jasonjin/.m2/repository/net/minidev/accessors-smart/2.4.8/accessors-smart-2.4.8.jar:/Users/jasonjin/.m2/repository/org/ow2/asm/asm/9.1/asm-9.1.jar:/Users/jasonjin/.m2/repository/org/slf4j/slf4j-api/1.7.36/slf4j-api-1.7.36.jar:/Users/jasonjin/.m2/repository/jakarta/xml/bind/jakarta.xml.bind-api/2.3.3/jakarta.xml.bind-api-2.3.3.jar:/Users/jasonjin/.m2/repository/jakarta/activation/jakarta.activation-api/1.2.2/jakarta.activation-api-1.2.2.jar:/Users/jasonjin/.m2/repository/org/assertj/assertj-core/3.21.0/assertj-core-3.21.0.jar:/Users/jasonjin/.m2/repository/org/hamcrest/hamcrest/2.2/hamcrest-2.2.jar:/Users/jasonjin/.m2/repository/org/junit/jupiter/junit-jupiter/5.8.2/junit-jupiter-5.8.2.jar:/Users/jasonjin/.m2/repository/org/junit/jupiter/junit-jupiter-api/5.8.2/junit-jupiter-api-5.8.2.jar:/Users/jasonjin/.m2/repository/org/opentest4j/opentest4j/1.2.0/opentest4j-1.2.0.jar:/Users/jasonjin/.m2/repository/org/junit/platform/junit-platform-commons/1.8.2/junit-platform-commons-1.8.2.jar:/Users/jasonjin/.m2/repository/org/apiguardian/apiguardian-api/1.1.2/apiguardian-api-1.1.2.jar:/Users/jasonjin/.m2/repository/org/junit/jupiter/junit-jupiter-params/5.8.2/junit-jupiter-params-5.8.2.jar:/Users/jasonjin/.m2/repository/org/junit/jupiter/junit-jupiter-engine/5.8.2/junit-jupiter-engine-5.8.2.jar:/Users/jasonjin/.m2/repository/org/junit/platform/junit-platform-engine/1.8.2/junit-platform-engine-1.8.2.jar:/Users/jasonjin/.m2/repository/org/mockito/mockito-core/4.0.0/mockito-core-4.0.0.jar:/Users/jasonjin/.m2/repository/net/bytebuddy/byte-buddy/1.11.22/byte-buddy-1.11.22.jar:/Users/jasonjin/.m2/repository/net/bytebuddy/byte-buddy-agent/1.11.22/byte-buddy-agent-1.11.22.jar:/Users/jasonjin/.m2/repository/org/objenesis/objenesis/3.2/objenesis-3.2.jar:/Users/jasonjin/.m2/repository/org/mockito/mockito-junit-jupiter/4.0.0/mockito-junit-jupiter-4.0.0.jar:/Users/jasonjin/.m2/repository/org/skyscreamer/jsonassert/1.5.0/jsonassert-1.5.0.jar:/Users/jasonjin/.m2/repository/com/vaadin/external/google/android-json/0.0.20131108.vaadin1/android-json-0.0.20131108.vaadin1.jar:/Users/jasonjin/.m2/repository/org/springframework/spring-core/5.3.21/spring-core-5.3.21.jar:/Users/jasonjin/.m2/repository/org/springframework/spring-jcl/5.3.21/spring-jcl-5.3.21.jar:/Users/jasonjin/.m2/repository/org/springframework/spring-test/5.3.21/spring-test-5.3.21.jar:/Users/jasonjin/.m2/repository/org/xmlunit/xmlunit-core/2.8.4/xmlunit-core-2.8.4.jar:/Users/jasonjin/.m2/repository/org/springframework/cloud/spring-cloud-starter-openfeign/3.1.0/spring-cloud-starter-openfeign-3.1.0.jar:/Users/jasonjin/.m2/repository/org/springframework/cloud/spring-cloud-starter/3.1.0/spring-cloud-starter-3.1.0.jar:/Users/jasonjin/.m2/repository/org/springframework/cloud/spring-cloud-context/3.1.0/spring-cloud-context-3.1.0.jar:/Users/jasonjin/.m2/repository/org/springframework/security/spring-security-rsa/1.0.10.RELEASE/spring-security-rsa-1.0.10.RELEASE.jar:/Users/jasonjin/.m2/repository/org/bouncycastle/bcpkix-jdk15on/1.68/bcpkix-jdk15on-1.68.jar:/Users/jasonjin/.m2/repository/org/bouncycastle/bcprov-jdk15on/1.68/bcprov-jdk15on-1.68.jar:/Users/jasonjin/.m2/repository/org/springframework/cloud/spring-cloud-openfeign-core/3.1.0/spring-cloud-openfeign-core-3.1.0.jar:/Users/jasonjin/.m2/repository/io/github/openfeign/form/feign-form-spring/3.8.0/feign-form-spring-3.8.0.jar:/Users/jasonjin/.m2/repository/io/github/openfeign/form/feign-form/3.8.0/feign-form-3.8.0.jar:/Users/jasonjin/.m2/repository/commons-fileupload/commons-fileupload/1.4/commons-fileupload-1.4.jar:/Users/jasonjin/.m2/repository/commons-io/commons-io/2.2/commons-io-2.2.jar:/Users/jasonjin/.m2/repository/org/springframework/cloud/spring-cloud-commons/3.1.0/spring-cloud-commons-3.1.0.jar:/Users/jasonjin/.m2/repository/org/springframework/security/spring-security-crypto/5.6.6/spring-security-crypto-5.6.6.jar:/Users/jasonjin/.m2/repository/io/github/openfeign/feign-core/11.7/feign-core-11.7.jar:/Users/jasonjin/.m2/repository/io/github/openfeign/feign-slf4j/11.7/feign-slf4j-11.7.jar:/Users/jasonjin/.m2/repository/com/h2database/h2/1.4.200/h2-1.4.200.jar:/Users/jasonjin/.m2/repository/org/springframework/boot/spring-boot-starter-data-jpa/2.6.9/spring-boot-starter-data-jpa-2.6.9.jar:/Users/jasonjin/.m2/repository/org/springframework/boot/spring-boot-starter-aop/2.6.9/spring-boot-starter-aop-2.6.9.jar:/Users/jasonjin/.m2/repository/org/aspectj/aspectjweaver/1.9.7/aspectjweaver-1.9.7.jar:/Users/jasonjin/.m2/repository/org/springframework/boot/spring-boot-starter-jdbc/2.6.9/spring-boot-starter-jdbc-2.6.9.jar:/Users/jasonjin/.m2/repository/com/zaxxer/HikariCP/4.0.3/HikariCP-4.0.3.jar:/Users/jasonjin/.m2/repository/org/springframework/spring-jdbc/5.3.21/spring-jdbc-5.3.21.jar:/Users/jasonjin/.m2/repository/jakarta/transaction/jakarta.transaction-api/1.3.3/jakarta.transaction-api-1.3.3.jar:/Users/jasonjin/.m2/repository/jakarta/persistence/jakarta.persistence-api/2.2.3/jakarta.persistence-api-2.2.3.jar:/Users/jasonjin/.m2/repository/org/hibernate/hibernate-core/5.6.9.Final/hibernate-core-5.6.9.Final.jar:/Users/jasonjin/.m2/repository/org/jboss/logging/jboss-logging/3.4.3.Final/jboss-logging-3.4.3.Final.jar:/Users/jasonjin/.m2/repository/antlr/antlr/2.7.7/antlr-2.7.7.jar:/Users/jasonjin/.m2/repository/org/jboss/jandex/2.4.2.Final/jandex-2.4.2.Final.jar:/Users/jasonjin/.m2/repository/com/fasterxml/classmate/1.5.1/classmate-1.5.1.jar:/Users/jasonjin/.m2/repository/org/hibernate/common/hibernate-commons-annotations/5.1.2.Final/hibernate-commons-annotations-5.1.2.Final.jar:/Users/jasonjin/.m2/repository/org/glassfish/jaxb/jaxb-runtime/2.3.6/jaxb-runtime-2.3.6.jar:/Users/jasonjin/.m2/repository/org/glassfish/jaxb/txw2/2.3.6/txw2-2.3.6.jar:/Users/jasonjin/.m2/repository/com/sun/istack/istack-commons-runtime/3.0.12/istack-commons-runtime-3.0.12.jar:/Users/jasonjin/.m2/repository/com/sun/activation/jakarta.activation/1.2.2/jakarta.activation-1.2.2.jar:/Users/jasonjin/.m2/repository/org/springframework/data/spring-data-jpa/2.6.5/spring-data-jpa-2.6.5.jar:/Users/jasonjin/.m2/repository/org/springframework/data/spring-data-commons/2.6.5/spring-data-commons-2.6.5.jar:/Users/jasonjin/.m2/repository/org/springframework/spring-orm/5.3.21/spring-orm-5.3.21.jar:/Users/jasonjin/.m2/repository/org/springframework/spring-tx/5.3.21/spring-tx-5.3.21.jar:/Users/jasonjin/.m2/repository/org/springframework/spring-aspects/5.3.21/spring-aspects-5.3.21.jar:/Users/jasonjin/.m2/repository/org/springframework/boot/spring-boot-starter-validation/2.6.9/spring-boot-starter-validation-2.6.9.jar:/Users/jasonjin/.m2/repository/org/apache/tomcat/embed/tomcat-embed-el/9.0.64/tomcat-embed-el-9.0.64.jar:/Users/jasonjin/.m2/repository/org/hibernate/validator/hibernate-validator/6.2.3.Final/hibernate-validator-6.2.3.Final.jar:/Users/jasonjin/.m2/repository/jakarta/validation/jakarta.validation-api/2.0.2/jakarta.validation-api-2.0.2.jar:/Users/jasonjin/.m2/repository/javax/validation/validation-api/2.0.1.Final/validation-api-2.0.1.Final.jar:/Users/jasonjin/.m2/repository/org/springframework/boot/spring-boot-starter-actuator/2.6.9/spring-boot-starter-actuator-2.6.9.jar:/Users/jasonjin/.m2/repository/org/springframework/boot/spring-boot-actuator-autoconfigure/2.6.9/spring-boot-actuator-autoconfigure-2.6.9.jar:/Users/jasonjin/.m2/repository/org/springframework/boot/spring-boot-actuator/2.6.9/spring-boot-actuator-2.6.9.jar:/Users/jasonjin/.m2/repository/io/micrometer/micrometer-core/1.8.7/micrometer-core-1.8.7.jar:/Users/jasonjin/.m2/repository/org/hdrhistogram/HdrHistogram/2.1.12/HdrHistogram-2.1.12.jar:/Users/jasonjin/.m2/repository/org/latencyutils/LatencyUtils/2.0.3/LatencyUtils-2.0.3.jar:/Users/jasonjin/.m2/repository/io/micrometer/micrometer-registry-prometheus/1.8.7/micrometer-registry-prometheus-1.8.7.jar:/Users/jasonjin/.m2/repository/io/prometheus/simpleclient_common/0.12.0/simpleclient_common-0.12.0.jar:/Users/jasonjin/.m2/repository/io/prometheus/simpleclient/0.12.0/simpleclient-0.12.0.jar:/Users/jasonjin/.m2/repository/io/prometheus/simpleclient_tracer_otel/0.12.0/simpleclient_tracer_otel-0.12.0.jar:/Users/jasonjin/.m2/repository/io/prometheus/simpleclient_tracer_common/0.12.0/simpleclient_tracer_common-0.12.0.jar:/Users/jasonjin/.m2/repository/io/prometheus/simpleclient_tracer_otel_agent/0.12.0/simpleclient_tracer_otel_agent-0.12.0.jar:/Users/jasonjin/.m2/repository/org/springframework/boot/spring-boot-configuration-processor/2.6.9/spring-boot-configuration-processor-2.6.9.jar:"/>
    <property name="java.vm.vendor" value="Oracle Corporation"/>
    <property name="sun.arch.data.model" value="64"/>
    <property name="java.vendor.url" value="https://java.oracle.com/"/>
    <property name="os.name" value="Mac OS X"/>
    <property name="java.vm.specification.version" value="17"/>
    <property name="sun.java.launcher" value="SUN_STANDARD"/>
    <property name="user.country" value="AU"/>
    <property name="sun.boot.library.path" value="/Library/Java/JavaVirtualMachines/jdk-17.jdk/Contents/Home/lib"/>
    <property name="sun.java.command" value="/Users/jasonjin/Desktop/demo/target/surefire/surefirebooter6390278376030629935.jar /Users/jasonjin/Desktop/demo/target/surefire 2023-04-30T21-26-28_685-jvmRun1 surefire10387693738210611073tmp surefire_011117324778223503883tmp"/>
    <property name="http.nonProxyHosts" value="local|*.local|169.254/16|*.169.254/16"/>
    <property name="jdk.debug" value="release"/>
    <property name="surefire.test.class.path" value="/Users/jasonjin/Desktop/demo/target/test-classes:/Users/jasonjin/Desktop/demo/target/classes:/Users/jasonjin/.m2/repository/org/springframework/boot/spring-boot-starter-web/2.6.9/spring-boot-starter-web-2.6.9.jar:/Users/jasonjin/.m2/repository/org/springframework/boot/spring-boot-starter/2.6.9/spring-boot-starter-2.6.9.jar:/Users/jasonjin/.m2/repository/org/springframework/boot/spring-boot/2.6.9/spring-boot-2.6.9.jar:/Users/jasonjin/.m2/repository/org/springframework/boot/spring-boot-autoconfigure/2.6.9/spring-boot-autoconfigure-2.6.9.jar:/Users/jasonjin/.m2/repository/org/springframework/boot/spring-boot-starter-logging/2.6.9/spring-boot-starter-logging-2.6.9.jar:/Users/jasonjin/.m2/repository/ch/qos/logback/logback-classic/1.2.11/logback-classic-1.2.11.jar:/Users/jasonjin/.m2/repository/ch/qos/logback/logback-core/1.2.11/logback-core-1.2.11.jar:/Users/jasonjin/.m2/repository/org/apache/logging/log4j/log4j-to-slf4j/2.17.2/log4j-to-slf4j-2.17.2.jar:/Users/jasonjin/.m2/repository/org/apache/logging/log4j/log4j-api/2.17.2/log4j-api-2.17.2.jar:/Users/jasonjin/.m2/repository/org/slf4j/jul-to-slf4j/1.7.36/jul-to-slf4j-1.7.36.jar:/Users/jasonjin/.m2/repository/jakarta/annotation/jakarta.annotation-api/1.3.5/jakarta.annotation-api-1.3.5.jar:/Users/jasonjin/.m2/repository/org/yaml/snakeyaml/1.29/snakeyaml-1.29.jar:/Users/jasonjin/.m2/repository/org/springframework/boot/spring-boot-starter-json/2.6.9/spring-boot-starter-json-2.6.9.jar:/Users/jasonjin/.m2/repository/com/fasterxml/jackson/core/jackson-databind/2.13.3/jackson-databind-2.13.3.jar:/Users/jasonjin/.m2/repository/com/fasterxml/jackson/core/jackson-annotations/2.13.3/jackson-annotations-2.13.3.jar:/Users/jasonjin/.m2/repository/com/fasterxml/jackson/core/jackson-core/2.13.3/jackson-core-2.13.3.jar:/Users/jasonjin/.m2/repository/com/fasterxml/jackson/datatype/jackson-datatype-jdk8/2.13.3/jackson-datatype-jdk8-2.13.3.jar:/Users/jasonjin/.m2/repository/com/fasterxml/jackson/datatype/jackson-datatype-jsr310/2.13.3/jackson-datatype-jsr310-2.13.3.jar:/Users/jasonjin/.m2/repository/com/fasterxml/jackson/module/jackson-module-parameter-names/2.13.3/jackson-module-parameter-names-2.13.3.jar:/Users/jasonjin/.m2/repository/org/springframework/boot/spring-boot-starter-tomcat/2.6.9/spring-boot-starter-tomcat-2.6.9.jar:/Users/jasonjin/.m2/repository/org/apache/tomcat/embed/tomcat-embed-core/9.0.64/tomcat-embed-core-9.0.64.jar:/Users/jasonjin/.m2/repository/org/apache/tomcat/embed/tomcat-embed-websocket/9.0.64/tomcat-embed-websocket-9.0.64.jar:/Users/jasonjin/.m2/repository/org/springframework/spring-web/5.3.21/spring-web-5.3.21.jar:/Users/jasonjin/.m2/repository/org/springframework/spring-beans/5.3.21/spring-beans-5.3.21.jar:/Users/jasonjin/.m2/repository/org/springframework/spring-webmvc/5.3.21/spring-webmvc-5.3.21.jar:/Users/jasonjin/.m2/repository/org/springframework/spring-aop/5.3.21/spring-aop-5.3.21.jar:/Users/jasonjin/.m2/repository/org/springframework/spring-context/5.3.21/spring-context-5.3.21.jar:/Users/jasonjin/.m2/repository/org/springframework/spring-expression/5.3.21/spring-expression-5.3.21.jar:/Users/jasonjin/.m2/repository/org/springframework/boot/spring-boot-starter-test/2.6.9/spring-boot-starter-test-2.6.9.jar:/Users/jasonjin/.m2/repository/org/springframework/boot/spring-boot-test/2.6.9/spring-boot-test-2.6.9.jar:/Users/jasonjin/.m2/repository/org/springframework/boot/spring-boot-test-autoconfigure/2.6.9/spring-boot-test-autoconfigure-2.6.9.jar:/Users/jasonjin/.m2/repository/com/jayway/jsonpath/json-path/2.6.0/json-path-2.6.0.jar:/Users/jasonjin/.m2/repository/net/minidev/json-smart/2.4.8/json-smart-2.4.8.jar:/Users/jasonjin/.m2/repository/net/minidev/accessors-smart/2.4.8/accessors-smart-2.4.8.jar:/Users/jasonjin/.m2/repository/org/ow2/asm/asm/9.1/asm-9.1.jar:/Users/jasonjin/.m2/repository/org/slf4j/slf4j-api/1.7.36/slf4j-api-1.7.36.jar:/Users/jasonjin/.m2/repository/jakarta/xml/bind/jakarta.xml.bind-api/2.3.3/jakarta.xml.bind-api-2.3.3.jar:/Users/jasonjin/.m2/repository/jakarta/activation/jakarta.activation-api/1.2.2/jakarta.activation-api-1.2.2.jar:/Users/jasonjin/.m2/repository/org/assertj/assertj-core/3.21.0/assertj-core-3.21.0.jar:/Users/jasonjin/.m2/repository/org/hamcrest/hamcrest/2.2/hamcrest-2.2.jar:/Users/jasonjin/.m2/repository/org/junit/jupiter/junit-jupiter/5.8.2/junit-jupiter-5.8.2.jar:/Users/jasonjin/.m2/repository/org/junit/jupiter/junit-jupiter-api/5.8.2/junit-jupiter-api-5.8.2.jar:/Users/jasonjin/.m2/repository/org/opentest4j/opentest4j/1.2.0/opentest4j-1.2.0.jar:/Users/jasonjin/.m2/repository/org/junit/platform/junit-platform-commons/1.8.2/junit-platform-commons-1.8.2.jar:/Users/jasonjin/.m2/repository/org/apiguardian/apiguardian-api/1.1.2/apiguardian-api-1.1.2.jar:/Users/jasonjin/.m2/repository/org/junit/jupiter/junit-jupiter-params/5.8.2/junit-jupiter-params-5.8.2.jar:/Users/jasonjin/.m2/repository/org/junit/jupiter/junit-jupiter-engine/5.8.2/junit-jupiter-engine-5.8.2.jar:/Users/jasonjin/.m2/repository/org/junit/platform/junit-platform-engine/1.8.2/junit-platform-engine-1.8.2.jar:/Users/jasonjin/.m2/repository/org/mockito/mockito-core/4.0.0/mockito-core-4.0.0.jar:/Users/jasonjin/.m2/repository/net/bytebuddy/byte-buddy/1.11.22/byte-buddy-1.11.22.jar:/Users/jasonjin/.m2/repository/net/bytebuddy/byte-buddy-agent/1.11.22/byte-buddy-agent-1.11.22.jar:/Users/jasonjin/.m2/repository/org/objenesis/objenesis/3.2/objenesis-3.2.jar:/Users/jasonjin/.m2/repository/org/mockito/mockito-junit-jupiter/4.0.0/mockito-junit-jupiter-4.0.0.jar:/Users/jasonjin/.m2/repository/org/skyscreamer/jsonassert/1.5.0/jsonassert-1.5.0.jar:/Users/jasonjin/.m2/repository/com/vaadin/external/google/android-json/0.0.20131108.vaadin1/android-json-0.0.20131108.vaadin1.jar:/Users/jasonjin/.m2/repository/org/springframework/spring-core/5.3.21/spring-core-5.3.21.jar:/Users/jasonjin/.m2/repository/org/springframework/spring-jcl/5.3.21/spring-jcl-5.3.21.jar:/Users/jasonjin/.m2/repository/org/springframework/spring-test/5.3.21/spring-test-5.3.21.jar:/Users/jasonjin/.m2/repository/org/xmlunit/xmlunit-core/2.8.4/xmlunit-core-2.8.4.jar:/Users/jasonjin/.m2/repository/org/springframework/cloud/spring-cloud-starter-openfeign/3.1.0/spring-cloud-starter-openfeign-3.1.0.jar:/Users/jasonjin/.m2/repository/org/springframework/cloud/spring-cloud-starter/3.1.0/spring-cloud-starter-3.1.0.jar:/Users/jasonjin/.m2/repository/org/springframework/cloud/spring-cloud-context/3.1.0/spring-cloud-context-3.1.0.jar:/Users/jasonjin/.m2/repository/org/springframework/security/spring-security-rsa/1.0.10.RELEASE/spring-security-rsa-1.0.10.RELEASE.jar:/Users/jasonjin/.m2/repository/org/bouncycastle/bcpkix-jdk15on/1.68/bcpkix-jdk15on-1.68.jar:/Users/jasonjin/.m2/repository/org/bouncycastle/bcprov-jdk15on/1.68/bcprov-jdk15on-1.68.jar:/Users/jasonjin/.m2/repository/org/springframework/cloud/spring-cloud-openfeign-core/3.1.0/spring-cloud-openfeign-core-3.1.0.jar:/Users/jasonjin/.m2/repository/io/github/openfeign/form/feign-form-spring/3.8.0/feign-form-spring-3.8.0.jar:/Users/jasonjin/.m2/repository/io/github/openfeign/form/feign-form/3.8.0/feign-form-3.8.0.jar:/Users/jasonjin/.m2/repository/commons-fileupload/commons-fileupload/1.4/commons-fileupload-1.4.jar:/Users/jasonjin/.m2/repository/commons-io/commons-io/2.2/commons-io-2.2.jar:/Users/jasonjin/.m2/repository/org/springframework/cloud/spring-cloud-commons/3.1.0/spring-cloud-commons-3.1.0.jar:/Users/jasonjin/.m2/repository/org/springframework/security/spring-security-crypto/5.6.6/spring-security-crypto-5.6.6.jar:/Users/jasonjin/.m2/repository/io/github/openfeign/feign-core/11.7/feign-core-11.7.jar:/Users/jasonjin/.m2/repository/io/github/openfeign/feign-slf4j/11.7/feign-slf4j-11.7.jar:/Users/jasonjin/.m2/repository/com/h2database/h2/1.4.200/h2-1.4.200.jar:/Users/jasonjin/.m2/repository/org/springframework/boot/spring-boot-starter-data-jpa/2.6.9/spring-boot-starter-data-jpa-2.6.9.jar:/Users/jasonjin/.m2/repository/org/springframework/boot/spring-boot-starter-aop/2.6.9/spring-boot-starter-aop-2.6.9.jar:/Users/jasonjin/.m2/repository/org/aspectj/aspectjweaver/1.9.7/aspectjweaver-1.9.7.jar:/Users/jasonjin/.m2/repository/org/springframework/boot/spring-boot-starter-jdbc/2.6.9/spring-boot-starter-jdbc-2.6.9.jar:/Users/jasonjin/.m2/repository/com/zaxxer/HikariCP/4.0.3/HikariCP-4.0.3.jar:/Users/jasonjin/.m2/repository/org/springframework/spring-jdbc/5.3.21/spring-jdbc-5.3.21.jar:/Users/jasonjin/.m2/repository/jakarta/transaction/jakarta.transaction-api/1.3.3/jakarta.transaction-api-1.3.3.jar:/Users/jasonjin/.m2/repository/jakarta/persistence/jakarta.persistence-api/2.2.3/jakarta.persistence-api-2.2.3.jar:/Users/jasonjin/.m2/repository/org/hibernate/hibernate-core/5.6.9.Final/hibernate-core-5.6.9.Final.jar:/Users/jasonjin/.m2/repository/org/jboss/logging/jboss-logging/3.4.3.Final/jboss-logging-3.4.3.Final.jar:/Users/jasonjin/.m2/repository/antlr/antlr/2.7.7/antlr-2.7.7.jar:/Users/jasonjin/.m2/repository/org/jboss/jandex/2.4.2.Final/jandex-2.4.2.Final.jar:/Users/jasonjin/.m2/repository/com/fasterxml/classmate/1.5.1/classmate-1.5.1.jar:/Users/jasonjin/.m2/repository/org/hibernate/common/hibernate-commons-annotations/5.1.2.Final/hibernate-commons-annotations-5.1.2.Final.jar:/Users/jasonjin/.m2/repository/org/glassfish/jaxb/jaxb-runtime/2.3.6/jaxb-runtime-2.3.6.jar:/Users/jasonjin/.m2/repository/org/glassfish/jaxb/txw2/2.3.6/txw2-2.3.6.jar:/Users/jasonjin/.m2/repository/com/sun/istack/istack-commons-runtime/3.0.12/istack-commons-runtime-3.0.12.jar:/Users/jasonjin/.m2/repository/com/sun/activation/jakarta.activation/1.2.2/jakarta.activation-1.2.2.jar:/Users/jasonjin/.m2/repository/org/springframework/data/spring-data-jpa/2.6.5/spring-data-jpa-2.6.5.jar:/Users/jasonjin/.m2/repository/org/springframework/data/spring-data-commons/2.6.5/spring-data-commons-2.6.5.jar:/Users/jasonjin/.m2/repository/org/springframework/spring-orm/5.3.21/spring-orm-5.3.21.jar:/Users/jasonjin/.m2/repository/org/springframework/spring-tx/5.3.21/spring-tx-5.3.21.jar:/Users/jasonjin/.m2/repository/org/springframework/spring-aspects/5.3.21/spring-aspects-5.3.21.jar:/Users/jasonjin/.m2/repository/org/springframework/boot/spring-boot-starter-validation/2.6.9/spring-boot-starter-validation-2.6.9.jar:/Users/jasonjin/.m2/repository/org/apache/tomcat/embed/tomcat-embed-el/9.0.64/tomcat-embed-el-9.0.64.jar:/Users/jasonjin/.m2/repository/org/hibernate/validator/hibernate-validator/6.2.3.Final/hibernate-validator-6.2.3.Final.jar:/Users/jasonjin/.m2/repository/jakarta/validation/jakarta.validation-api/2.0.2/jakarta.validation-api-2.0.2.jar:/Users/jasonjin/.m2/repository/javax/validation/validation-api/2.0.1.Final/validation-api-2.0.1.Final.jar:/Users/jasonjin/.m2/repository/org/springframework/boot/spring-boot-starter-actuator/2.6.9/spring-boot-starter-actuator-2.6.9.jar:/Users/jasonjin/.m2/repository/org/springframework/boot/spring-boot-actuator-autoconfigure/2.6.9/spring-boot-actuator-autoconfigure-2.6.9.jar:/Users/jasonjin/.m2/repository/org/springframework/boot/spring-boot-actuator/2.6.9/spring-boot-actuator-2.6.9.jar:/Users/jasonjin/.m2/repository/io/micrometer/micrometer-core/1.8.7/micrometer-core-1.8.7.jar:/Users/jasonjin/.m2/repository/org/hdrhistogram/HdrHistogram/2.1.12/HdrHistogram-2.1.12.jar:/Users/jasonjin/.m2/repository/org/latencyutils/LatencyUtils/2.0.3/LatencyUtils-2.0.3.jar:/Users/jasonjin/.m2/repository/io/micrometer/micrometer-registry-prometheus/1.8.7/micrometer-registry-prometheus-1.8.7.jar:/Users/jasonjin/.m2/repository/io/prometheus/simpleclient_common/0.12.0/simpleclient_common-0.12.0.jar:/Users/jasonjin/.m2/repository/io/prometheus/simpleclient/0.12.0/simpleclient-0.12.0.jar:/Users/jasonjin/.m2/repository/io/prometheus/simpleclient_tracer_otel/0.12.0/simpleclient_tracer_otel-0.12.0.jar:/Users/jasonjin/.m2/repository/io/prometheus/simpleclient_tracer_common/0.12.0/simpleclient_tracer_common-0.12.0.jar:/Users/jasonjin/.m2/repository/io/prometheus/simpleclient_tracer_otel_agent/0.12.0/simpleclient_tracer_otel_agent-0.12.0.jar:/Users/jasonjin/.m2/repository/org/springframework/boot/spring-boot-configuration-processor/2.6.9/spring-boot-configuration-processor-2.6.9.jar:"/>
    <property name="sun.cpu.endian" value="little"/>
    <property name="user.home" value="/Users/jasonjin"/>
    <property name="user.language" value="en"/>
    <property name="java.specification.vendor" value="Oracle Corporation"/>
    <property name="java.version.date" value="2023-01-17"/>
    <property name="java.home" value="/Library/Java/JavaVirtualMachines/jdk-17.jdk/Contents/Home"/>
    <property name="file.separator" value="/"/>
    <property name="basedir" value="/Users/jasonjin/Desktop/demo"/>
    <property name="java.vm.compressedOopsMode" value="Zero based"/>
    <property name="line.separator" value="&#10;"/>
    <property name="java.specification.name" value="Java Platform API Specification"/>
    <property name="java.vm.specification.vendor" value="Oracle Corporation"/>
    <property name="surefire.real.class.path" value="/Users/jasonjin/Desktop/demo/target/surefire/surefirebooter6390278376030629935.jar"/>
    <property name="sun.management.compiler" value="HotSpot 64-Bit Tiered Compilers"/>
    <property name="ftp.nonProxyHosts" value="local|*.local|169.254/16|*.169.254/16"/>
    <property name="java.runtime.version" value="17.0.6+9-LTS-190"/>
    <property name="user.name" value="jasonjin"/>
    <property name="path.separator" value=":"/>
    <property name="os.version" value="13.0.1"/>
    <property name="java.runtime.name" value="Java(TM) SE Runtime Environment"/>
    <property name="file.encoding" value="UTF-8"/>
    <property name="java.vm.name" value="Java HotSpot(TM) 64-Bit Server VM"/>
    <property name="localRepository" value="/Users/jasonjin/.m2/repository"/>
    <property name="java.vendor.url.bug" value="https://bugreport.java.com/bugreport/"/>
    <property name="java.io.tmpdir" value="/var/folders/pc/mrwrxfkj1b75vtfx1_vwkkkh0000gn/T/"/>
    <property name="idea.version" value="2022.3.3"/>
    <property name="java.version" value="17.0.6"/>
    <property name="user.dir" value="/Users/jasonjin/Desktop/demo"/>
    <property name="os.arch" value="x86_64"/>
    <property name="java.vm.specification.name" value="Java Virtual Machine Specification"/>
    <property name="native.encoding" value="UTF-8"/>
    <property name="java.library.path" value="/Users/jasonjin/Library/Java/Extensions:/Library/Java/Extensions:/Network/Library/Java/Extensions:/System/Library/Java/Extensions:/usr/lib/java:."/>
    <property name="java.vm.info" value="mixed mode, sharing"/>
    <property name="java.vendor" value="Oracle Corporation"/>
    <property name="java.vm.version" value="17.0.6+9-LTS-190"/>
    <property name="sun.io.unicode.encoding" value="UnicodeBig"/>
    <property name="socksNonProxyHosts" value="local|*.local|169.254/16|*.169.254/16"/>
    <property name="java.class.version" value="61.0"/>
  </properties>
  <testcase name="contextLoads" classname="com.example.demo.DemoApplicationTests" time="0.16"/>
</testsuite>